before:  6
after:  6
before:  7
after:  7
before:  8
after:  8
before:  9
after:  9
before:  11
after:  11
before:  14
after:  14
before:  17
after:  17
before:  20
after:  20
before:  23
after:  23
before:  26
after:  26
before:  30
after:  30
before:  33
after:  33
before:  35
after:  35
before:  38
after:  38
before:  46
after:  46
before:  48
after:  48
before:  50
after:  50
before:  52
after:  52
before:  53
after:  53
before:  41
after:  41
before:  54
after:  54
before:  15
after:  15
before:  18
after:  18
before:  21
after:  21
before:  24
after:  24
before:  27
after:  27
destroy:  28
destroy:  29
destroy:  6
destroy:  7
destroy:  8
destroy:  9
destroy:  11
destroy:  14
destroy:  17
destroy:  20
destroy:  23
destroy:  26
destroy:  30
destroy:  33
destroy:  35
destroy:  38
destroy:  46
destroy:  48
destroy:  50
destroy:  52
destroy:  53
before:  51
after:  51
before:  57
after:  57
before:  59
after:  59
before:  60
after:  60
destroy:  37
destroy:  57
destroy:  56
destroy:  59
destroy:  60
destroy:  51
before:  34
after:  34
before:  62
after:  62
before:  63
after:  63
before:  64
after:  64
before:  67
after:  67
before:  69
after:  69
before:  70
after:  70
destroy:  58
destroy:  62
destroy:  63
destroy:  64
destroy:  67
destroy:  68
destroy:  69
destroy:  70
before:  34
after:  34
before:  71
after:  71
before:  72
after:  72
before:  73
after:  73
before:  77
after:  77
before:  78
after:  78
destroy:  71
destroy:  72
destroy:  76
destroy:  73
destroy:  77
destroy:  78
before:  75
  before:  74
  after:  74
after:  75
before:  75
  before:  79
  after:  79
after:  75
before:  75
  before:  80
  after:  80
after:  75
destroy:  74
destroy:  79
destroy:  80
before:  75
  before:  81
  after:  81
after:  75
destroy:  81
before:  75
  before:  82
  after:  82
after:  75
destroy:  82
before:  75
  before:  83
  after:  83
after:  75
before:  75
  before:  84
  after:  84
after:  75
destroy:  83
destroy:  84
before:  75
  before:  85
  after:  85
after:  75
before:  75
  before:  86
  after:  86
after:  75
before:  75
  before:  87
  after:  87
after:  75
destroy:  85
destroy:  86
destroy:  87
before:  75
  before:  88
  after:  88
after:  75
before:  75
  before:  89
  after:  89
after:  75
destroy:  88
destroy:  89
before:  75
  before:  90
  after:  90
after:  75
before:  75
  before:  91
  after:  91
after:  75
destroy:  90
destroy:  91
before:  75
  before:  92
  after:  92
after:  75
before:  75
  before:  93
  after:  93
after:  75
before:  75
  before:  94
  after:  94
after:  75
before:  75
  before:  95
  after:  95
after:  75
before:  75
  before:  96
  after:  96
after:  75
before:  75
  before:  97
  after:  97
after:  75
before:  75
  before:  98
  after:  98
after:  75
before:  75
  before:  99
  after:  99
after:  75
before:  75
  before:  100
  after:  100
after:  75
destroy:  92
destroy:  93
destroy:  94
destroy:  95
destroy:  96
destroy:  97
destroy:  98
destroy:  99
destroy:  100
before:  75
  before:  101
  after:  101
after:  75
before:  75
  before:  102
  after:  102
after:  75
before:  75
  before:  103
  after:  103
after:  75
destroy:  101
destroy:  102
destroy:  103
before:  75
  before:  104
  after:  104
after:  75
before:  75
  before:  105
  after:  105
after:  75
before:  75
  before:  106
  after:  106
after:  75
destroy:  104
destroy:  105
destroy:  106
before:  75
  before:  107
  after:  107
after:  75
before:  75
  before:  108
  after:  108
after:  75
before:  75
  before:  109
  after:  109
after:  75
before:  75
  before:  110
  after:  110
after:  75
before:  75
  before:  111
  after:  111
after:  75
destroy:  107
destroy:  108
destroy:  109
destroy:  110
destroy:  111
before:  75
  before:  112
  after:  112
after:  75
before:  75
  before:  113
  after:  113
after:  75
before:  75
  before:  114
  after:  114
after:  75
before:  75
  before:  115
  after:  115
after:  75
before:  75
  before:  116
  after:  116
after:  75
before:  75
  before:  117
  after:  117
after:  75
destroy:  112
destroy:  113
destroy:  114
destroy:  115
destroy:  116
destroy:  117
before:  75
  before:  118
  after:  118
after:  75
before:  75
  before:  119
  after:  119
after:  75
destroy:  118
destroy:  119
before:  75
  before:  120
  after:  120
after:  75
before:  75
  before:  121
  after:  121
after:  75
destroy:  120
destroy:  121
before:  75
  before:  122
  after:  122
after:  75
before:  75
  before:  123
  after:  123
after:  75
before:  75
  before:  124
  after:  124
after:  75
destroy:  122
destroy:  123
destroy:  124
before:  75
  before:  125
  after:  125
after:  75
before:  75
  before:  126
  after:  126
after:  75
before:  75
  before:  127
  after:  127
after:  75
before:  75
  before:  128
  after:  128
after:  75
before:  34
after:  34
before:  130
after:  130
before:  131
after:  131
before:  132
after:  132
before:  134
after:  134
before:  135
after:  135
destroy:  125
destroy:  126
destroy:  127
destroy:  128
destroy:  130
destroy:  131
destroy:  132
destroy:  134
destroy:  135
before:  75
  before:  129
  after:  129
  before:  133
  after:  133
after:  75
destroy:  129
destroy:  133
before:  75
  before:  136
  after:  136
  before:  137
  after:  137
after:  75
destroy:  136
destroy:  137
before:  75
  before:  138
  after:  138
  before:  139
  after:  139
after:  75
destroy:  138
destroy:  139
before:  75
  before:  140
  after:  140
  before:  141
  after:  141
after:  75
destroy:  140
destroy:  141
before:  75
  before:  142
  after:  142
  before:  143
  after:  143
after:  75
destroy:  142
destroy:  143
before:  75
  before:  144
  after:  144
  before:  145
  after:  145
after:  75
destroy:  144
destroy:  145
before:  75
  before:  146
  after:  146
  before:  147
  after:  147
after:  75
destroy:  146
destroy:  147
before:  75
  before:  148
  after:  148
  before:  149
  after:  149
after:  75
destroy:  148
destroy:  149
before:  75
  before:  150
  after:  150
  before:  151
  after:  151
after:  75
destroy:  150
destroy:  151
before:  75
  before:  152
  after:  152
  before:  153
  after:  153
after:  75
destroy:  152
destroy:  153
before:  75
  before:  154
  after:  154
  before:  155
  after:  155
after:  75
destroy:  154
destroy:  155
before:  75
  before:  156
  after:  156
  before:  157
  after:  157
after:  75
destroy:  156
destroy:  157
before:  75
  before:  158
  after:  158
  before:  159
  after:  159
after:  75
destroy:  158
destroy:  159
before:  75
  before:  160
  after:  160
  before:  161
  after:  161
after:  75
destroy:  160
destroy:  161
before:  75
  before:  162
  after:  162
  before:  163
  after:  163
after:  75
destroy:  162
destroy:  163
before:  75
  before:  164
  after:  164
  before:  165
  after:  165
after:  75
destroy:  164
destroy:  165
before:  75
  before:  166
  after:  166
  before:  167
  after:  167
after:  75
destroy:  166
destroy:  167
before:  75
  before:  168
  after:  168
  before:  169
  after:  169
after:  75
destroy:  168
destroy:  169
before:  75
  before:  170
  after:  170
  before:  171
  after:  171
after:  75
destroy:  170
destroy:  171
before:  75
  before:  172
  after:  172
  before:  173
  after:  173
after:  75
destroy:  172
destroy:  173
before:  75
  before:  174
  after:  174
  before:  175
  after:  175
after:  75
before:  34
after:  34
before:  178
after:  178
before:  179
after:  179
before:  180
after:  180
before:  182
after:  182
before:  183
after:  183
before:  184
after:  184
before:  185
after:  185
before:  186
after:  186
before:  187
after:  187
before:  188
after:  188
before:  189
after:  189
before:  190
after:  190
before:  191
after:  191
before:  192
after:  192
before:  193
after:  193
before:  194
after:  194
before:  195
after:  195
before:  196
after:  196
before:  197
after:  197
before:  198
after:  198
before:  199
after:  199
before:  200
after:  200
before:  201
after:  201
before:  202
after:  202
before:  203
after:  203
before:  204
after:  204
before:  205
after:  205
before:  206
after:  206
before:  207
after:  207
before:  209
after:  209
before:  211
after:  211
before:  40
after:  40
before:  42
after:  42
before:  43
after:  43
before:  44
after:  44
before:  45
after:  45
before:  213
after:  213
destroy:  174
destroy:  175
destroy:  178
destroy:  179
destroy:  180
destroy:  182
destroy:  183
destroy:  184
destroy:  185
destroy:  186
destroy:  187
destroy:  188
destroy:  189
destroy:  190
destroy:  191
destroy:  192
destroy:  193
destroy:  194
destroy:  195
destroy:  196
destroy:  197
destroy:  198
destroy:  199
destroy:  200
destroy:  201
destroy:  202
destroy:  203
destroy:  204
destroy:  205
destroy:  206
destroy:  207
destroy:  209
destroy:  211
destroy:  213
before:  75
  before:  176
  after:  176
  before:  177
  after:  177
  before:  181
  after:  181
after:  75
destroy:  176
destroy:  177
destroy:  181
destroy:  75
before:  34
after:  34
before:  214
after:  214
before:  215
after:  215
before:  216
after:  216
before:  218
after:  218
destroy:  214
destroy:  215
destroy:  216
before:  212
after:  212
before:  220
after:  220
before:  222
after:  222
before:  223
after:  223
destroy:  210
destroy:  220
destroy:  221
destroy:  222
destroy:  223
destroy:  212
before:  208
after:  208
before:  224
after:  224
before:  225
after:  225
before:  226
after:  226
before:  227
after:  227
before:  228
after:  228
destroy:  224
destroy:  225
destroy:  226
destroy:  227
destroy:  228
before:  208
after:  208
before:  229
after:  229
before:  230
after:  230
before:  231
after:  231
before:  232
after:  232
before:  233
after:  233
destroy:  229
destroy:  230
destroy:  231
destroy:  232
destroy:  233
before:  208
after:  208
before:  234
after:  234
before:  235
after:  235
before:  236
after:  236
before:  237
after:  237
before:  238
after:  238
destroy:  234
destroy:  235
destroy:  236
destroy:  237
destroy:  238
before:  208
after:  208
before:  239
after:  239
before:  240
after:  240
before:  241
after:  241
before:  12
after:  12
destroy:  239
destroy:  240
destroy:  241
before:  66
  before:  65
  after:  65
after:  66
before:  242
after:  242
before:  244
after:  244
before:  245
after:  245
destroy:  65
destroy:  242
destroy:  61
destroy:  244
destroy:  245
destroy:  66
before:  34
after:  34
before:  247
after:  247
before:  248
after:  248
before:  249
after:  249
destroy:  243
destroy:  247
destroy:  248
destroy:  249
destroy:  54
destroy:  45
destroy:  43
destroy:  42
destroy:  41
destroy:  40
destroy:  39
destroy:  31
destroy:  18
destroy:  21
destroy:  24
destroy:  27
destroy:  218
destroy:  12
destroy:  15
before:  251
  before:  250
  after:  250
after:  251
before:  252
after:  252
before:  254
after:  254
before:  255
after:  255
destroy:  250
destroy:  252
destroy:  219
destroy:  254
destroy:  255
destroy:  251
before:  208
after:  208
before:  257
after:  257
before:  258
after:  258
before:  259
after:  259
destroy:  253
destroy:  257
destroy:  258
destroy:  259
before:  261
  before:  260
  after:  260
after:  261
before:  262
after:  262
before:  264
after:  264
before:  265
after:  265
destroy:  260
destroy:  262
destroy:  246
destroy:  264
destroy:  265
destroy:  261
before:  34
after:  34
before:  267
after:  267
before:  268
after:  268
before:  269
after:  269
destroy:  263
destroy:  267
destroy:  268
destroy:  269
before:  271
  before:  270
  after:  270
after:  271
before:  272
after:  272
before:  274
after:  274
before:  275
after:  275
destroy:  270
destroy:  272
destroy:  256
destroy:  274
destroy:  275
destroy:  271
before:  208
after:  208
before:  277
after:  277
before:  278
after:  278
before:  279
after:  279
destroy:  273
destroy:  277
destroy:  278
destroy:  279
before:  281
  before:  280
  after:  280
after:  281
before:  282
after:  282
before:  284
after:  284
before:  285
after:  285
destroy:  280
destroy:  282
destroy:  266
destroy:  284
destroy:  285
destroy:  281
before:  34
after:  34
before:  287
after:  287
before:  288
after:  288
before:  289
after:  289
destroy:  283
destroy:  287
destroy:  288
destroy:  289
before:  36
after:  36
destroy:  36
before:  291
  before:  290
  after:  290
after:  291
before:  292
after:  292
before:  295
after:  295
before:  296
after:  296
destroy:  290
destroy:  292
destroy:  276
destroy:  295
destroy:  296
destroy:  291
before:  208
after:  208
before:  298
after:  298
before:  299
after:  299
before:  300
after:  300
destroy:  294
destroy:  298
destroy:  299
destroy:  300
before:  302
  before:  301
  after:  301
after:  302
before:  303
after:  303
before:  305
after:  305
before:  306
after:  306
destroy:  301
destroy:  303
destroy:  286
destroy:  305
destroy:  306
destroy:  302
before:  34
after:  34
before:  308
after:  308
before:  309
after:  309
before:  310
after:  310
destroy:  304
destroy:  308
destroy:  309
destroy:  310
before:  312
  before:  311
  after:  311
after:  312
before:  313
after:  313
before:  315
after:  315
before:  316
after:  316
destroy:  311
destroy:  313
destroy:  297
destroy:  315
destroy:  316
destroy:  312
before:  208
after:  208
before:  318
after:  318
before:  319
after:  319
before:  320
after:  320
destroy:  314
destroy:  318
destroy:  319
destroy:  320
before:  322
  before:  321
  after:  321
after:  322
before:  323
after:  323
before:  325
after:  325
before:  326
after:  326
destroy:  321
destroy:  323
destroy:  307
destroy:  325
destroy:  326
destroy:  322
before:  34
after:  34
before:  328
after:  328
before:  329
after:  329
before:  330
after:  330
destroy:  324
destroy:  328
destroy:  329
destroy:  330
before:  332
  before:  331
  after:  331
after:  332
before:  333
after:  333
before:  335
after:  335
before:  336
after:  336
destroy:  331
destroy:  333
destroy:  317
destroy:  335
destroy:  336
destroy:  332
before:  208
after:  208
before:  338
after:  338
before:  339
after:  339
before:  340
after:  340
destroy:  334
destroy:  338
destroy:  339
destroy:  340
before:  342
  before:  341
  after:  341
after:  342
before:  343
after:  343
before:  345
after:  345
before:  346
after:  346
destroy:  341
destroy:  343
destroy:  327
destroy:  345
destroy:  346
destroy:  342
before:  34
after:  34
before:  348
after:  348
before:  349
after:  349
before:  350
after:  350
destroy:  344
destroy:  348
destroy:  349
destroy:  350
before:  6
after:  6
before:  7
after:  7
before:  8
after:  8
before:  9
after:  9
before:  11
after:  11
before:  14
after:  14
before:  17
after:  17
before:  20
after:  20
before:  23
after:  23
before:  26
after:  26
before:  30
after:  30
before:  33
after:  33
before:  35
after:  35
before:  38
after:  38
before:  46
after:  46
before:  48
after:  48
before:  50
after:  50
before:  52
after:  52
before:  53
after:  53
before:  41
after:  41
before:  54
after:  54
before:  15
after:  15
before:  18
after:  18
before:  21
after:  21
before:  24
after:  24
before:  27
after:  27
destroy:  6
destroy:  7
destroy:  8
destroy:  9
destroy:  11
destroy:  14
destroy:  17
destroy:  20
destroy:  23
destroy:  26
destroy:  30
destroy:  33
destroy:  35
destroy:  38
destroy:  46
destroy:  48
destroy:  50
destroy:  52
destroy:  53
destroy:  31
destroy:  41
destroy:  54
destroy:  15
destroy:  27
destroy:  24
destroy:  21
destroy:  18
destroy:  29
destroy:  28
before:  51
after:  51
before:  57
after:  57
before:  59
after:  59
before:  60
after:  60
destroy:  37
destroy:  57
destroy:  56
destroy:  59
destroy:  60
destroy:  51
before:  34
after:  34
before:  62
after:  62
before:  63
after:  63
before:  64
after:  64
before:  67
after:  67
before:  69
after:  69
before:  70
after:  70
destroy:  58
destroy:  62
destroy:  63
destroy:  64
destroy:  67
destroy:  68
destroy:  69
destroy:  70
before:  34
after:  34
before:  71
after:  71
before:  72
after:  72
before:  73
after:  73
before:  77
after:  77
before:  78
after:  78
destroy:  71
destroy:  72
destroy:  76
destroy:  73
destroy:  77
destroy:  78
before:  75
  before:  74
  after:  74
after:  75
destroy:  74
before:  75
  before:  79
  after:  79
after:  75
before:  75
  before:  80
  after:  80
after:  75
before:  75
  before:  81
  after:  81
after:  75
destroy:  79
destroy:  80
destroy:  81
before:  75
  before:  82
  after:  82
after:  75
destroy:  82
before:  75
  before:  83
  after:  83
after:  75
before:  75
  before:  84
  after:  84
after:  75
before:  75
  before:  85
  after:  85
after:  75
destroy:  83
destroy:  84
destroy:  85
before:  75
  before:  86
  after:  86
after:  75
destroy:  86
before:  75
  before:  87
  after:  87
after:  75
before:  75
  before:  88
  after:  88
after:  75
destroy:  87
destroy:  88
before:  75
  before:  89
  after:  89
after:  75
before:  75
  before:  90
  after:  90
after:  75
before:  75
  before:  91
  after:  91
after:  75
destroy:  89
destroy:  90
destroy:  91
before:  75
  before:  92
  after:  92
after:  75
destroy:  92
before:  75
  before:  93
  after:  93
after:  75
before:  75
  before:  94
  after:  94
after:  75
before:  75
  before:  95
  after:  95
after:  75
destroy:  93
destroy:  94
destroy:  95
before:  75
  before:  96
  after:  96
after:  75
before:  75
  before:  97
  after:  97
after:  75
before:  75
  before:  98
  after:  98
after:  75
before:  75
  before:  99
  after:  99
after:  75
destroy:  96
destroy:  97
destroy:  98
destroy:  99
before:  75
  before:  100
  after:  100
after:  75
destroy:  100
before:  75
  before:  101
  after:  101
after:  75
before:  75
  before:  102
  after:  102
after:  75
before:  75
  before:  103
  after:  103
after:  75
before:  75
  before:  104
  after:  104
after:  75
before:  75
  before:  105
  after:  105
after:  75
before:  75
  before:  106
  after:  106
after:  75
before:  75
  before:  107
  after:  107
after:  75
destroy:  101
destroy:  102
destroy:  103
destroy:  104
destroy:  105
destroy:  106
destroy:  107
before:  75
  before:  108
  after:  108
after:  75
before:  75
  before:  109
  after:  109
after:  75
before:  75
  before:  110
  after:  110
after:  75
destroy:  108
destroy:  109
destroy:  110
before:  75
  before:  111
  after:  111
after:  75
before:  75
  before:  112
  after:  112
after:  75
before:  75
  before:  113
  after:  113
after:  75
destroy:  111
destroy:  112
destroy:  113
before:  75
  before:  114
  after:  114
after:  75
destroy:  114
before:  75
  before:  115
  after:  115
after:  75
destroy:  115
before:  75
  before:  116
  after:  116
after:  75
destroy:  116
before:  75
  before:  117
  after:  117
after:  75
destroy:  117
before:  75
  before:  118
  after:  118
after:  75
destroy:  118
before:  75
  before:  119
  after:  119
after:  75
before:  75
  before:  120
  after:  120
after:  75
destroy:  119
destroy:  120
before:  75
  before:  121
  after:  121
after:  75
destroy:  121
before:  75
  before:  122
  after:  122
after:  75
destroy:  122
before:  75
  before:  123
  after:  123
after:  75
before:  75
  before:  124
  after:  124
after:  75
before:  75
  before:  125
  after:  125
after:  75
destroy:  123
destroy:  124
destroy:  125
before:  75
  before:  126
  after:  126
after:  75
destroy:  126
before:  75
  before:  127
  after:  127
after:  75
destroy:  127
before:  75
  before:  128
  after:  128
after:  75
destroy:  128
before:  75
  before:  129
  after:  129
after:  75
destroy:  129
before:  75
  before:  130
  after:  130
after:  75
before:  75
  before:  131
  after:  131
after:  75
before:  75
  before:  132
  after:  132
after:  75
destroy:  130
destroy:  131
destroy:  132
before:  75
  before:  133
  after:  133
after:  75
before:  75
  before:  134
  after:  134
after:  75
before:  75
  before:  135
  after:  135
after:  75
before:  75
  before:  136
  after:  136
after:  75
destroy:  133
destroy:  134
destroy:  135
destroy:  136
before:  75
  before:  137
  after:  137
after:  75
destroy:  137
before:  75
  before:  138
  after:  138
after:  75
destroy:  138
before:  75
  before:  139
  after:  139
after:  75
destroy:  139
before:  75
  before:  140
  after:  140
after:  75
destroy:  140
before:  75
  before:  141
  after:  141
after:  75
before:  75
  before:  142
  after:  142
after:  75
destroy:  141
destroy:  142
before:  75
  before:  143
  after:  143
after:  75
before:  75
  before:  144
  after:  144
after:  75
destroy:  143
destroy:  144
before:  75
  before:  145
  after:  145
after:  75
before:  75
  before:  146
  after:  146
after:  75
destroy:  145
destroy:  146
before:  75
  before:  147
  after:  147
after:  75
before:  75
  before:  148
  after:  148
after:  75
before:  75
  before:  149
  after:  149
after:  75
before:  75
  before:  150
  after:  150
after:  75
before:  75
  before:  151
  after:  151
after:  75
destroy:  147
destroy:  148
destroy:  149
destroy:  150
destroy:  151
before:  75
  before:  152
  after:  152
after:  75
destroy:  152
before:  75
  before:  153
  after:  153
after:  75
destroy:  153
before:  75
  before:  154
  after:  154
after:  75
before:  75
  before:  155
  after:  155
after:  75
before:  75
  before:  156
  after:  156
after:  75
destroy:  154
destroy:  155
destroy:  156
before:  75
  before:  157
  after:  157
after:  75
destroy:  157
before:  75
  before:  158
  after:  158
after:  75
destroy:  158
before:  75
  before:  159
  after:  159
after:  75
destroy:  159
before:  75
  before:  160
  after:  160
after:  75
destroy:  160
before:  75
  before:  161
  after:  161
after:  75
before:  75
  before:  162
  after:  162
after:  75
before:  75
  before:  163
  after:  163
after:  75
before:  75
  before:  164
  after:  164
after:  75
destroy:  161
destroy:  162
destroy:  163
destroy:  164
before:  75
  before:  165
  after:  165
after:  75
destroy:  165
before:  75
  before:  166
  after:  166
after:  75
before:  75
  before:  167
  after:  167
after:  75
destroy:  166
destroy:  167
before:  75
  before:  168
  after:  168
after:  75
destroy:  168
before:  75
  before:  169
  after:  169
after:  75
destroy:  169
before:  75
  before:  170
  after:  170
after:  75
destroy:  170
before:  75
  before:  171
  after:  171
after:  75
destroy:  171
before:  75
  before:  172
  after:  172
after:  75
before:  75
  before:  173
  after:  173
after:  75
before:  75
  before:  174
  after:  174
after:  75
destroy:  172
destroy:  173
destroy:  174
before:  75
  before:  175
  after:  175
after:  75
before:  75
  before:  176
  after:  176
after:  75
destroy:  175
destroy:  176
before:  75
  before:  177
  after:  177
after:  75
destroy:  177
before:  75
  before:  178
  after:  178
after:  75
before:  75
  before:  179
  after:  179
after:  75
before:  75
  before:  180
  after:  180
after:  75
before:  75
  before:  181
  after:  181
after:  75
destroy:  178
destroy:  179
destroy:  180
destroy:  181
before:  75
  before:  182
  after:  182
after:  75
destroy:  182
before:  75
  before:  183
  after:  183
after:  75
before:  75
  before:  184
  after:  184
after:  75
destroy:  183
destroy:  184
before:  75
  before:  185
  after:  185
after:  75
destroy:  185
before:  75
  before:  186
  after:  186
after:  75
destroy:  186
before:  75
  before:  187
  after:  187
after:  75
before:  75
  before:  188
  after:  188
after:  75
before:  75
  before:  189
  after:  189
after:  75
destroy:  187
destroy:  188
destroy:  189
before:  75
  before:  190
  after:  190
after:  75
before:  75
  before:  191
  after:  191
after:  75
destroy:  190
destroy:  191
before:  75
  before:  192
  after:  192
after:  75
destroy:  192
before:  75
  before:  193
  after:  193
after:  75
destroy:  193
before:  75
  before:  194
  after:  194
after:  75
destroy:  194
before:  75
  before:  195
  after:  195
after:  75
destroy:  195
before:  75
  before:  196
  after:  196
after:  75
destroy:  196
before:  75
  before:  197
  after:  197
after:  75
destroy:  197
before:  75
  before:  198
  after:  198
after:  75
before:  34
after:  34
before:  200
after:  200
before:  201
after:  201
before:  202
after:  202
before:  204
after:  204
before:  205
after:  205
destroy:  198
destroy:  200
destroy:  201
destroy:  202
destroy:  204
destroy:  205
before:  75
  before:  199
  after:  199
  before:  203
  after:  203
after:  75
destroy:  199
destroy:  203
before:  75
  before:  206
  after:  206
  before:  207
  after:  207
after:  75
before:  75
  before:  208
  after:  208
  before:  209
  after:  209
after:  75
before:  75
  before:  210
  after:  210
  before:  211
  after:  211
after:  75
destroy:  206
destroy:  207
destroy:  208
destroy:  209
destroy:  210
destroy:  211
before:  75
  before:  212
  after:  212
  before:  213
  after:  213
after:  75
before:  75
  before:  214
  after:  214
  before:  215
  after:  215
after:  75
before:  75
  before:  216
  after:  216
  before:  217
  after:  217
after:  75
before:  75
  before:  218
  after:  218
  before:  219
  after:  219
after:  75
destroy:  212
destroy:  213
destroy:  214
destroy:  215
destroy:  216
destroy:  217
destroy:  218
destroy:  219
before:  75
  before:  220
  after:  220
  before:  221
  after:  221
after:  75
destroy:  220
destroy:  221
before:  75
  before:  222
  after:  222
  before:  223
  after:  223
after:  75
destroy:  222
destroy:  223
before:  75
  before:  224
  after:  224
  before:  225
  after:  225
after:  75
before:  75
  before:  226
  after:  226
  before:  227
  after:  227
after:  75
destroy:  224
destroy:  225
destroy:  226
destroy:  227
before:  75
  before:  228
  after:  228
  before:  229
  after:  229
after:  75
before:  75
  before:  230
  after:  230
  before:  231
  after:  231
after:  75
destroy:  228
destroy:  229
destroy:  230
destroy:  231
before:  75
  before:  232
  after:  232
  before:  233
  after:  233
after:  75
destroy:  232
destroy:  233
before:  75
  before:  234
  after:  234
  before:  235
  after:  235
after:  75
destroy:  234
destroy:  235
before:  75
  before:  236
  after:  236
  before:  237
  after:  237
after:  75
destroy:  236
destroy:  237
before:  75
  before:  238
  after:  238
  before:  239
  after:  239
after:  75
destroy:  238
destroy:  239
before:  75
  before:  240
  after:  240
  before:  241
  after:  241
after:  75
destroy:  240
destroy:  241
before:  75
  before:  242
  after:  242
  before:  243
  after:  243
after:  75
destroy:  242
destroy:  243
before:  75
  before:  244
  after:  244
  before:  245
  after:  245
after:  75
before:  75
  before:  246
  after:  246
  before:  247
  after:  247
after:  75
destroy:  244
destroy:  245
destroy:  246
destroy:  247
before:  75
  before:  248
  after:  248
  before:  249
  after:  249
after:  75
before:  75
  before:  250
  after:  250
  before:  251
  after:  251
after:  75
destroy:  248
destroy:  249
destroy:  250
destroy:  251
before:  75
  before:  252
  after:  252
  before:  253
  after:  253
after:  75
before:  75
  before:  254
  after:  254
  before:  255
  after:  255
after:  75
destroy:  252
destroy:  253
destroy:  254
destroy:  255
before:  75
  before:  256
  after:  256
  before:  257
  after:  257
after:  75
destroy:  256
destroy:  257
before:  75
  before:  258
  after:  258
  before:  259
  after:  259
after:  75
before:  75
  before:  260
  after:  260
  before:  261
  after:  261
after:  75
destroy:  258
destroy:  259
destroy:  260
destroy:  261
before:  75
  before:  262
  after:  262
  before:  263
  after:  263
after:  75
before:  75
  before:  264
  after:  264
  before:  265
  after:  265
after:  75
destroy:  262
destroy:  263
destroy:  264
destroy:  265
before:  75
  before:  266
  after:  266
  before:  267
  after:  267
after:  75
destroy:  266
destroy:  267
before:  75
  before:  268
  after:  268
  before:  269
  after:  269
after:  75
destroy:  268
destroy:  269
before:  75
  before:  270
  after:  270
  before:  271
  after:  271
after:  75
destroy:  270
destroy:  271
before:  75
  before:  272
  after:  272
  before:  273
  after:  273
after:  75
destroy:  272
destroy:  273
before:  75
  before:  274
  after:  274
  before:  275
  after:  275
after:  75
destroy:  274
destroy:  275
before:  75
  before:  276
  after:  276
  before:  277
  after:  277
after:  75
destroy:  276
destroy:  277
before:  75
  before:  278
  after:  278
  before:  279
  after:  279
after:  75
destroy:  278
destroy:  279
before:  75
  before:  280
  after:  280
  before:  281
  after:  281
after:  75
destroy:  280
destroy:  281
before:  75
  before:  282
  after:  282
  before:  283
  after:  283
after:  75
destroy:  282
destroy:  283
before:  75
  before:  284
  after:  284
  before:  285
  after:  285
after:  75
destroy:  284
destroy:  285
before:  75
  before:  286
  after:  286
  before:  287
  after:  287
after:  75
destroy:  286
destroy:  287
before:  75
  before:  288
  after:  288
  before:  289
  after:  289
after:  75
destroy:  288
destroy:  289
before:  75
  before:  290
  after:  290
  before:  291
  after:  291
after:  75
destroy:  290
destroy:  291
before:  75
  before:  292
  after:  292
  before:  293
  after:  293
after:  75
destroy:  292
destroy:  293
before:  75
  before:  294
  after:  294
  before:  295
  after:  295
after:  75
destroy:  294
destroy:  295
before:  75
  before:  296
  after:  296
  before:  297
  after:  297
after:  75
before:  75
  before:  298
  after:  298
  before:  299
  after:  299
after:  75
destroy:  296
destroy:  297
destroy:  298
destroy:  299
before:  75
  before:  300
  after:  300
  before:  301
  after:  301
after:  75
destroy:  300
destroy:  301
before:  75
  before:  302
  after:  302
  before:  303
  after:  303
after:  75
destroy:  302
destroy:  303
before:  75
  before:  304
  after:  304
  before:  305
  after:  305
after:  75
destroy:  304
destroy:  305
before:  75
  before:  306
  after:  306
  before:  307
  after:  307
after:  75
before:  75
  before:  308
  after:  308
  before:  309
  after:  309
after:  75
destroy:  306
destroy:  307
destroy:  308
destroy:  309
before:  75
  before:  310
  after:  310
  before:  311
  after:  311
after:  75
before:  75
  before:  312
  after:  312
  before:  313
  after:  313
after:  75
destroy:  310
destroy:  311
destroy:  312
destroy:  313
before:  75
  before:  314
  after:  314
  before:  315
  after:  315
after:  75
before:  75
  before:  316
  after:  316
  before:  317
  after:  317
after:  75
destroy:  314
destroy:  315
destroy:  316
destroy:  317
before:  75
  before:  318
  after:  318
  before:  319
  after:  319
after:  75
destroy:  318
destroy:  319
before:  75
  before:  320
  after:  320
  before:  321
  after:  321
after:  75
before:  75
  before:  322
  after:  322
  before:  323
  after:  323
after:  75
destroy:  320
destroy:  321
destroy:  322
destroy:  323
before:  75
  before:  324
  after:  324
  before:  325
  after:  325
after:  75
before:  34
after:  34
before:  328
after:  328
before:  329
after:  329
before:  330
after:  330
before:  332
after:  332
before:  333
after:  333
before:  334
after:  334
before:  335
after:  335
before:  336
after:  336
before:  337
after:  337
before:  338
after:  338
before:  339
after:  339
before:  340
after:  340
before:  341
after:  341
before:  342
after:  342
before:  343
after:  343
before:  344
after:  344
before:  345
after:  345
before:  346
after:  346
before:  347
after:  347
before:  348
after:  348
before:  349
after:  349
before:  350
after:  350
before:  351
after:  351
before:  352
after:  352
before:  353
after:  353
before:  354
after:  354
before:  355
after:  355
before:  356
after:  356
before:  357
after:  357
before:  359
after:  359
before:  361
after:  361
before:  40
after:  40
before:  42
after:  42
before:  43
after:  43
before:  44
after:  44
before:  45
after:  45
before:  363
after:  363
destroy:  324
destroy:  325
destroy:  328
destroy:  329
destroy:  330
destroy:  332
destroy:  333
destroy:  334
destroy:  335
destroy:  336
destroy:  337
destroy:  338
destroy:  339
destroy:  340
destroy:  341
destroy:  342
destroy:  343
destroy:  344
destroy:  345
destroy:  346
destroy:  347
destroy:  348
destroy:  349
destroy:  350
destroy:  351
destroy:  352
destroy:  353
destroy:  354
destroy:  355
destroy:  356
destroy:  357
destroy:  359
destroy:  361
destroy:  363
before:  75
  before:  326
  after:  326
  before:  327
  after:  327
  before:  331
  after:  331
after:  75
destroy:  326
destroy:  327
destroy:  331
destroy:  75
before:  34
after:  34
before:  364
after:  364
before:  365
after:  365
before:  366
after:  366
before:  368
after:  368
destroy:  364
destroy:  365
destroy:  366
before:  362
after:  362
before:  370
after:  370
before:  372
after:  372
before:  373
after:  373
destroy:  360
destroy:  370
destroy:  371
destroy:  372
destroy:  373
destroy:  362
before:  358
after:  358
before:  374
after:  374
before:  375
after:  375
before:  376
after:  376
before:  377
after:  377
before:  378
after:  378
destroy:  374
destroy:  375
destroy:  376
destroy:  377
destroy:  378
before:  358
after:  358
before:  379
after:  379
before:  380
after:  380
before:  381
after:  381
before:  382
after:  382
before:  383
after:  383
destroy:  379
destroy:  380
destroy:  381
destroy:  382
destroy:  383
before:  358
after:  358
before:  384
after:  384
before:  385
after:  385
before:  386
after:  386
before:  387
after:  387
before:  388
after:  388
destroy:  384
destroy:  385
destroy:  386
destroy:  387
destroy:  388
before:  358
after:  358
before:  389
after:  389
before:  390
after:  390
before:  391
after:  391
before:  12
after:  12
destroy:  389
destroy:  390
destroy:  391
before:  66
  before:  65
  after:  65
after:  66
before:  392
after:  392
before:  394
after:  394
before:  395
after:  395
destroy:  65
destroy:  392
destroy:  61
destroy:  394
destroy:  395
destroy:  66
before:  34
after:  34
before:  397
after:  397
before:  398
after:  398
before:  399
after:  399
destroy:  393
destroy:  397
destroy:  398
destroy:  399
destroy:  39
destroy:  40
destroy:  42
destroy:  43
destroy:  45
destroy:  12
destroy:  368
before:  401
  before:  400
  after:  400
after:  401
before:  402
after:  402
before:  404
after:  404
before:  405
after:  405
destroy:  400
destroy:  402
destroy:  369
destroy:  404
destroy:  405
destroy:  401
before:  358
after:  358
before:  407
after:  407
before:  408
after:  408
before:  409
after:  409
destroy:  403
destroy:  407
destroy:  408
destroy:  409
before:  411
  before:  410
  after:  410
after:  411
before:  412
after:  412
before:  414
after:  414
before:  415
after:  415
destroy:  410
destroy:  412
destroy:  396
destroy:  414
destroy:  415
destroy:  411
before:  34
after:  34
before:  417
after:  417
before:  418
after:  418
before:  419
after:  419
destroy:  413
destroy:  417
destroy:  418
destroy:  419
before:  421
  before:  420
  after:  420
after:  421
before:  422
after:  422
before:  424
after:  424
before:  425
after:  425
destroy:  420
destroy:  422
destroy:  406
destroy:  424
destroy:  425
destroy:  421
before:  358
after:  358
before:  427
after:  427
before:  428
after:  428
before:  429
after:  429
destroy:  423
destroy:  427
destroy:  428
destroy:  429
